<?xml version="1.0" encoding="UTF-8"?>
<testsuite xmlns:xsi="http://www.w3.org/2001/XMLSchema-instance" xsi:noNamespaceSchemaLocation="https://maven.apache.org/surefire/maven-surefire-plugin/xsd/surefire-test-report-3.0.xsd" version="3.0" name="cucumberOptions.TestRunner" time="44.475" tests="2" errors="0" skipped="0" failures="1">
  <properties>
    <property name="java.specification.version" value="22"/>
    <property name="sun.jnu.encoding" value="UTF-8"/>
    <property name="java.class.path" value="/Users/vaibhav/Documents/test/Verivox/VerivoxPrivathaftpflicht/target/test-classes:/Users/vaibhav/Documents/test/Verivox/VerivoxPrivathaftpflicht/target/classes:/Users/vaibhav/.m2/repository/io/cucumber/cucumber-java/7.18.1/cucumber-java-7.18.1.jar:/Users/vaibhav/.m2/repository/io/cucumber/cucumber-core/7.18.1/cucumber-core-7.18.1.jar:/Users/vaibhav/.m2/repository/io/cucumber/cucumber-gherkin/7.18.1/cucumber-gherkin-7.18.1.jar:/Users/vaibhav/.m2/repository/io/cucumber/cucumber-gherkin-messages/7.18.1/cucumber-gherkin-messages-7.18.1.jar:/Users/vaibhav/.m2/repository/io/cucumber/gherkin/28.0.0/gherkin-28.0.0.jar:/Users/vaibhav/.m2/repository/io/cucumber/messages/24.1.0/messages-24.1.0.jar:/Users/vaibhav/.m2/repository/io/cucumber/testng-xml-formatter/0.2.0/testng-xml-formatter-0.2.0.jar:/Users/vaibhav/.m2/repository/io/cucumber/query/12.2.0/query-12.2.0.jar:/Users/vaibhav/.m2/repository/io/cucumber/tag-expressions/6.1.0/tag-expressions-6.1.0.jar:/Users/vaibhav/.m2/repository/io/cucumber/cucumber-expressions/17.1.0/cucumber-expressions-17.1.0.jar:/Users/vaibhav/.m2/repository/io/cucumber/datatable/7.18.1/datatable-7.18.1.jar:/Users/vaibhav/.m2/repository/io/cucumber/cucumber-plugin/7.18.1/cucumber-plugin-7.18.1.jar:/Users/vaibhav/.m2/repository/io/cucumber/docstring/7.18.1/docstring-7.18.1.jar:/Users/vaibhav/.m2/repository/io/cucumber/html-formatter/21.4.1/html-formatter-21.4.1.jar:/Users/vaibhav/.m2/repository/io/cucumber/junit-xml-formatter/0.5.0/junit-xml-formatter-0.5.0.jar:/Users/vaibhav/.m2/repository/io/cucumber/ci-environment/10.0.1/ci-environment-10.0.1.jar:/Users/vaibhav/.m2/repository/org/apiguardian/apiguardian-api/1.1.2/apiguardian-api-1.1.2.jar:/Users/vaibhav/.m2/repository/io/cucumber/cucumber-testng/7.18.1/cucumber-testng-7.18.1.jar:/Users/vaibhav/.m2/repository/org/testng/testng/7.10.2/testng-7.10.2.jar:/Users/vaibhav/.m2/repository/org/slf4j/slf4j-api/1.7.36/slf4j-api-1.7.36.jar:/Users/vaibhav/.m2/repository/com/beust/jcommander/1.82/jcommander-1.82.jar:/Users/vaibhav/.m2/repository/org/webjars/jquery/3.7.1/jquery-3.7.1.jar:/Users/vaibhav/.m2/repository/org/seleniumhq/selenium/selenium-java/4.24.0/selenium-java-4.24.0.jar:/Users/vaibhav/.m2/repository/org/seleniumhq/selenium/selenium-api/4.24.0/selenium-api-4.24.0.jar:/Users/vaibhav/.m2/repository/org/jspecify/jspecify/1.0.0/jspecify-1.0.0.jar:/Users/vaibhav/.m2/repository/org/seleniumhq/selenium/selenium-chrome-driver/4.24.0/selenium-chrome-driver-4.24.0.jar:/Users/vaibhav/.m2/repository/com/google/auto/service/auto-service-annotations/1.1.1/auto-service-annotations-1.1.1.jar:/Users/vaibhav/.m2/repository/org/seleniumhq/selenium/selenium-chromium-driver/4.24.0/selenium-chromium-driver-4.24.0.jar:/Users/vaibhav/.m2/repository/org/seleniumhq/selenium/selenium-json/4.24.0/selenium-json-4.24.0.jar:/Users/vaibhav/.m2/repository/org/seleniumhq/selenium/selenium-manager/4.24.0/selenium-manager-4.24.0.jar:/Users/vaibhav/.m2/repository/org/seleniumhq/selenium/selenium-devtools-v126/4.24.0/selenium-devtools-v126-4.24.0.jar:/Users/vaibhav/.m2/repository/org/seleniumhq/selenium/selenium-devtools-v127/4.24.0/selenium-devtools-v127-4.24.0.jar:/Users/vaibhav/.m2/repository/org/seleniumhq/selenium/selenium-devtools-v128/4.24.0/selenium-devtools-v128-4.24.0.jar:/Users/vaibhav/.m2/repository/org/seleniumhq/selenium/selenium-devtools-v85/4.24.0/selenium-devtools-v85-4.24.0.jar:/Users/vaibhav/.m2/repository/org/seleniumhq/selenium/selenium-edge-driver/4.24.0/selenium-edge-driver-4.24.0.jar:/Users/vaibhav/.m2/repository/org/seleniumhq/selenium/selenium-firefox-driver/4.24.0/selenium-firefox-driver-4.24.0.jar:/Users/vaibhav/.m2/repository/org/seleniumhq/selenium/selenium-http/4.24.0/selenium-http-4.24.0.jar:/Users/vaibhav/.m2/repository/dev/failsafe/failsafe/3.3.2/failsafe-3.3.2.jar:/Users/vaibhav/.m2/repository/org/seleniumhq/selenium/selenium-ie-driver/4.24.0/selenium-ie-driver-4.24.0.jar:/Users/vaibhav/.m2/repository/org/seleniumhq/selenium/selenium-remote-driver/4.24.0/selenium-remote-driver-4.24.0.jar:/Users/vaibhav/.m2/repository/com/google/guava/guava/33.3.0-jre/guava-33.3.0-jre.jar:/Users/vaibhav/.m2/repository/com/google/guava/failureaccess/1.0.2/failureaccess-1.0.2.jar:/Users/vaibhav/.m2/repository/com/google/guava/listenablefuture/9999.0-empty-to-avoid-conflict-with-guava/listenablefuture-9999.0-empty-to-avoid-conflict-with-guava.jar:/Users/vaibhav/.m2/repository/com/google/code/findbugs/jsr305/3.0.2/jsr305-3.0.2.jar:/Users/vaibhav/.m2/repository/org/checkerframework/checker-qual/3.43.0/checker-qual-3.43.0.jar:/Users/vaibhav/.m2/repository/com/google/errorprone/error_prone_annotations/2.28.0/error_prone_annotations-2.28.0.jar:/Users/vaibhav/.m2/repository/com/google/j2objc/j2objc-annotations/3.0.0/j2objc-annotations-3.0.0.jar:/Users/vaibhav/.m2/repository/io/opentelemetry/semconv/opentelemetry-semconv/1.25.0-alpha/opentelemetry-semconv-1.25.0-alpha.jar:/Users/vaibhav/.m2/repository/io/opentelemetry/opentelemetry-api/1.41.0/opentelemetry-api-1.41.0.jar:/Users/vaibhav/.m2/repository/io/opentelemetry/opentelemetry-context/1.41.0/opentelemetry-context-1.41.0.jar:/Users/vaibhav/.m2/repository/io/opentelemetry/opentelemetry-exporter-logging/1.41.0/opentelemetry-exporter-logging-1.41.0.jar:/Users/vaibhav/.m2/repository/io/opentelemetry/opentelemetry-sdk-common/1.41.0/opentelemetry-sdk-common-1.41.0.jar:/Users/vaibhav/.m2/repository/io/opentelemetry/opentelemetry-sdk-extension-autoconfigure-spi/1.41.0/opentelemetry-sdk-extension-autoconfigure-spi-1.41.0.jar:/Users/vaibhav/.m2/repository/io/opentelemetry/opentelemetry-sdk-extension-autoconfigure/1.41.0/opentelemetry-sdk-extension-autoconfigure-1.41.0.jar:/Users/vaibhav/.m2/repository/io/opentelemetry/opentelemetry-api-incubator/1.41.0-alpha/opentelemetry-api-incubator-1.41.0-alpha.jar:/Users/vaibhav/.m2/repository/io/opentelemetry/opentelemetry-sdk-trace/1.41.0/opentelemetry-sdk-trace-1.41.0.jar:/Users/vaibhav/.m2/repository/io/opentelemetry/opentelemetry-sdk/1.41.0/opentelemetry-sdk-1.41.0.jar:/Users/vaibhav/.m2/repository/io/opentelemetry/opentelemetry-sdk-metrics/1.41.0/opentelemetry-sdk-metrics-1.41.0.jar:/Users/vaibhav/.m2/repository/io/opentelemetry/opentelemetry-sdk-logs/1.41.0/opentelemetry-sdk-logs-1.41.0.jar:/Users/vaibhav/.m2/repository/net/bytebuddy/byte-buddy/1.15.0/byte-buddy-1.15.0.jar:/Users/vaibhav/.m2/repository/org/seleniumhq/selenium/selenium-os/4.24.0/selenium-os-4.24.0.jar:/Users/vaibhav/.m2/repository/org/apache/commons/commons-exec/1.4.0/commons-exec-1.4.0.jar:/Users/vaibhav/.m2/repository/org/seleniumhq/selenium/selenium-safari-driver/4.24.0/selenium-safari-driver-4.24.0.jar:/Users/vaibhav/.m2/repository/org/seleniumhq/selenium/selenium-support/4.24.0/selenium-support-4.24.0.jar:/Users/vaibhav/.m2/repository/com/aventstack/extentreports/5.1.2/extentreports-5.1.2.jar:/Users/vaibhav/.m2/repository/io/reactivex/rxjava3/rxjava/3.1.6/rxjava-3.1.6.jar:/Users/vaibhav/.m2/repository/org/reactivestreams/reactive-streams/1.0.4/reactive-streams-1.0.4.jar:/Users/vaibhav/.m2/repository/org/freemarker/freemarker/2.3.32/freemarker-2.3.32.jar:/Users/vaibhav/.m2/repository/org/projectlombok/lombok/1.18.26/lombok-1.18.26.jar:/Users/vaibhav/.m2/repository/com/google/code/gson/gson/2.10.1/gson-2.10.1.jar:/Users/vaibhav/.m2/repository/tech/grasshopper/extentreports-cucumber7-adapter/1.14.0/extentreports-cucumber7-adapter-1.14.0.jar:/Users/vaibhav/.m2/repository/tech/grasshopper/extent-pdf-report/2.12.0/extent-pdf-report-2.12.0.jar:/Users/vaibhav/.m2/repository/tech/grasshopper/cucumber-pdf-report/2.14.0/cucumber-pdf-report-2.14.0.jar:/Users/vaibhav/.m2/repository/org/apache/pdfbox/pdfbox/2.0.26/pdfbox-2.0.26.jar:/Users/vaibhav/.m2/repository/org/apache/pdfbox/fontbox/2.0.26/fontbox-2.0.26.jar:/Users/vaibhav/.m2/repository/org/knowm/xchart/xchart/3.8.0/xchart-3.8.0.jar:/Users/vaibhav/.m2/repository/de/erichseifert/vectorgraphics2d/VectorGraphics2D/0.13/VectorGraphics2D-0.13.jar:/Users/vaibhav/.m2/repository/de/rototor/pdfbox/graphics2d/0.30/graphics2d-0.30.jar:/Users/vaibhav/.m2/repository/com/madgag/animated-gif-lib/1.4/animated-gif-lib-1.4.jar:/Users/vaibhav/.m2/repository/org/yaml/snakeyaml/2.0/snakeyaml-2.0.jar:/Users/vaibhav/.m2/repository/tech/grasshopper/table-layout/1.5.1/table-layout-1.5.1.jar:/Users/vaibhav/.m2/repository/tech/grasshopper/rest-assured-cucumber-pdf-report/1.5.0/rest-assured-cucumber-pdf-report-1.5.0.jar:/Users/vaibhav/.m2/repository/org/jsoup/jsoup/1.15.3/jsoup-1.15.3.jar:/Users/vaibhav/.m2/repository/com/aventstack/klov-reporter/5.1.0/klov-reporter-5.1.0.jar:/Users/vaibhav/.m2/repository/org/mongodb/mongodb-driver/3.6.4/mongodb-driver-3.6.4.jar:/Users/vaibhav/.m2/repository/org/mongodb/mongodb-driver-core/3.6.4/mongodb-driver-core-3.6.4.jar:/Users/vaibhav/.m2/repository/org/mongodb/bson/3.6.4/bson-3.6.4.jar:/Users/vaibhav/.m2/repository/org/apache/httpcomponents/httpclient/4.5.13/httpclient-4.5.13.jar:/Users/vaibhav/.m2/repository/org/apache/httpcomponents/httpcore/4.4.13/httpcore-4.4.13.jar:/Users/vaibhav/.m2/repository/commons-logging/commons-logging/1.2/commons-logging-1.2.jar:/Users/vaibhav/.m2/repository/commons-codec/commons-codec/1.11/commons-codec-1.11.jar:/Users/vaibhav/.m2/repository/org/apache/httpcomponents/httpmime/4.5.13/httpmime-4.5.13.jar:/Users/vaibhav/.m2/repository/tech/grasshopper/htmlextentreporter/1.1.0/htmlextentreporter-1.1.0.jar:/Users/vaibhav/.m2/repository/tech/grasshopper/extent-excel-report/1.4.0/extent-excel-report-1.4.0.jar:/Users/vaibhav/.m2/repository/org/apache/poi/poi/5.2.3/poi-5.2.3.jar:/Users/vaibhav/.m2/repository/org/apache/commons/commons-collections4/4.4/commons-collections4-4.4.jar:/Users/vaibhav/.m2/repository/org/apache/commons/commons-math3/3.6.1/commons-math3-3.6.1.jar:/Users/vaibhav/.m2/repository/com/zaxxer/SparseBitSet/1.2/SparseBitSet-1.2.jar:/Users/vaibhav/.m2/repository/org/apache/logging/log4j/log4j-api/2.18.0/log4j-api-2.18.0.jar:/Users/vaibhav/.m2/repository/org/apache/poi/poi-ooxml/5.2.3/poi-ooxml-5.2.3.jar:/Users/vaibhav/.m2/repository/org/apache/poi/poi-ooxml-lite/5.2.3/poi-ooxml-lite-5.2.3.jar:/Users/vaibhav/.m2/repository/org/apache/xmlbeans/xmlbeans/5.1.1/xmlbeans-5.1.1.jar:/Users/vaibhav/.m2/repository/org/apache/commons/commons-compress/1.21/commons-compress-1.21.jar:/Users/vaibhav/.m2/repository/com/github/virtuald/curvesapi/1.07/curvesapi-1.07.jar:/Users/vaibhav/.m2/repository/commons-io/commons-io/2.16.1/commons-io-2.16.1.jar:/Users/vaibhav/.m2/repository/io/cucumber/cucumber-picocontainer/7.18.1/cucumber-picocontainer-7.18.1.jar:/Users/vaibhav/.m2/repository/org/picocontainer/picocontainer/2.15/picocontainer-2.15.jar:"/>
    <property name="java.vm.vendor" value="Oracle Corporation"/>
    <property name="sun.arch.data.model" value="64"/>
    <property name="java.vendor.url" value="https://java.oracle.com/"/>
    <property name="user.timezone" value="Europe/Berlin"/>
    <property name="os.name" value="Mac OS X"/>
    <property name="java.vm.specification.version" value="22"/>
    <property name="sun.java.launcher" value="SUN_STANDARD"/>
    <property name="user.country" value="IN"/>
    <property name="sun.boot.library.path" value="/Library/Java/JavaVirtualMachines/jdk-22.jdk/Contents/Home/lib"/>
    <property name="sun.java.command" value="/Users/vaibhav/Documents/test/Verivox/VerivoxPrivathaftpflicht/target/surefire/surefirebooter-20240912211511795_3.jar /Users/vaibhav/Documents/test/Verivox/VerivoxPrivathaftpflicht/target/surefire 2024-09-12T21-15-11_692-jvmRun1 surefire-20240912211511795_1tmp surefire_0-20240912211511795_2tmp"/>
    <property name="http.nonProxyHosts" value="local|*.local|169.254/16|*.169.254/16"/>
    <property name="jdk.debug" value="release"/>
    <property name="surefire.test.class.path" value="/Users/vaibhav/Documents/test/Verivox/VerivoxPrivathaftpflicht/target/test-classes:/Users/vaibhav/Documents/test/Verivox/VerivoxPrivathaftpflicht/target/classes:/Users/vaibhav/.m2/repository/io/cucumber/cucumber-java/7.18.1/cucumber-java-7.18.1.jar:/Users/vaibhav/.m2/repository/io/cucumber/cucumber-core/7.18.1/cucumber-core-7.18.1.jar:/Users/vaibhav/.m2/repository/io/cucumber/cucumber-gherkin/7.18.1/cucumber-gherkin-7.18.1.jar:/Users/vaibhav/.m2/repository/io/cucumber/cucumber-gherkin-messages/7.18.1/cucumber-gherkin-messages-7.18.1.jar:/Users/vaibhav/.m2/repository/io/cucumber/gherkin/28.0.0/gherkin-28.0.0.jar:/Users/vaibhav/.m2/repository/io/cucumber/messages/24.1.0/messages-24.1.0.jar:/Users/vaibhav/.m2/repository/io/cucumber/testng-xml-formatter/0.2.0/testng-xml-formatter-0.2.0.jar:/Users/vaibhav/.m2/repository/io/cucumber/query/12.2.0/query-12.2.0.jar:/Users/vaibhav/.m2/repository/io/cucumber/tag-expressions/6.1.0/tag-expressions-6.1.0.jar:/Users/vaibhav/.m2/repository/io/cucumber/cucumber-expressions/17.1.0/cucumber-expressions-17.1.0.jar:/Users/vaibhav/.m2/repository/io/cucumber/datatable/7.18.1/datatable-7.18.1.jar:/Users/vaibhav/.m2/repository/io/cucumber/cucumber-plugin/7.18.1/cucumber-plugin-7.18.1.jar:/Users/vaibhav/.m2/repository/io/cucumber/docstring/7.18.1/docstring-7.18.1.jar:/Users/vaibhav/.m2/repository/io/cucumber/html-formatter/21.4.1/html-formatter-21.4.1.jar:/Users/vaibhav/.m2/repository/io/cucumber/junit-xml-formatter/0.5.0/junit-xml-formatter-0.5.0.jar:/Users/vaibhav/.m2/repository/io/cucumber/ci-environment/10.0.1/ci-environment-10.0.1.jar:/Users/vaibhav/.m2/repository/org/apiguardian/apiguardian-api/1.1.2/apiguardian-api-1.1.2.jar:/Users/vaibhav/.m2/repository/io/cucumber/cucumber-testng/7.18.1/cucumber-testng-7.18.1.jar:/Users/vaibhav/.m2/repository/org/testng/testng/7.10.2/testng-7.10.2.jar:/Users/vaibhav/.m2/repository/org/slf4j/slf4j-api/1.7.36/slf4j-api-1.7.36.jar:/Users/vaibhav/.m2/repository/com/beust/jcommander/1.82/jcommander-1.82.jar:/Users/vaibhav/.m2/repository/org/webjars/jquery/3.7.1/jquery-3.7.1.jar:/Users/vaibhav/.m2/repository/org/seleniumhq/selenium/selenium-java/4.24.0/selenium-java-4.24.0.jar:/Users/vaibhav/.m2/repository/org/seleniumhq/selenium/selenium-api/4.24.0/selenium-api-4.24.0.jar:/Users/vaibhav/.m2/repository/org/jspecify/jspecify/1.0.0/jspecify-1.0.0.jar:/Users/vaibhav/.m2/repository/org/seleniumhq/selenium/selenium-chrome-driver/4.24.0/selenium-chrome-driver-4.24.0.jar:/Users/vaibhav/.m2/repository/com/google/auto/service/auto-service-annotations/1.1.1/auto-service-annotations-1.1.1.jar:/Users/vaibhav/.m2/repository/org/seleniumhq/selenium/selenium-chromium-driver/4.24.0/selenium-chromium-driver-4.24.0.jar:/Users/vaibhav/.m2/repository/org/seleniumhq/selenium/selenium-json/4.24.0/selenium-json-4.24.0.jar:/Users/vaibhav/.m2/repository/org/seleniumhq/selenium/selenium-manager/4.24.0/selenium-manager-4.24.0.jar:/Users/vaibhav/.m2/repository/org/seleniumhq/selenium/selenium-devtools-v126/4.24.0/selenium-devtools-v126-4.24.0.jar:/Users/vaibhav/.m2/repository/org/seleniumhq/selenium/selenium-devtools-v127/4.24.0/selenium-devtools-v127-4.24.0.jar:/Users/vaibhav/.m2/repository/org/seleniumhq/selenium/selenium-devtools-v128/4.24.0/selenium-devtools-v128-4.24.0.jar:/Users/vaibhav/.m2/repository/org/seleniumhq/selenium/selenium-devtools-v85/4.24.0/selenium-devtools-v85-4.24.0.jar:/Users/vaibhav/.m2/repository/org/seleniumhq/selenium/selenium-edge-driver/4.24.0/selenium-edge-driver-4.24.0.jar:/Users/vaibhav/.m2/repository/org/seleniumhq/selenium/selenium-firefox-driver/4.24.0/selenium-firefox-driver-4.24.0.jar:/Users/vaibhav/.m2/repository/org/seleniumhq/selenium/selenium-http/4.24.0/selenium-http-4.24.0.jar:/Users/vaibhav/.m2/repository/dev/failsafe/failsafe/3.3.2/failsafe-3.3.2.jar:/Users/vaibhav/.m2/repository/org/seleniumhq/selenium/selenium-ie-driver/4.24.0/selenium-ie-driver-4.24.0.jar:/Users/vaibhav/.m2/repository/org/seleniumhq/selenium/selenium-remote-driver/4.24.0/selenium-remote-driver-4.24.0.jar:/Users/vaibhav/.m2/repository/com/google/guava/guava/33.3.0-jre/guava-33.3.0-jre.jar:/Users/vaibhav/.m2/repository/com/google/guava/failureaccess/1.0.2/failureaccess-1.0.2.jar:/Users/vaibhav/.m2/repository/com/google/guava/listenablefuture/9999.0-empty-to-avoid-conflict-with-guava/listenablefuture-9999.0-empty-to-avoid-conflict-with-guava.jar:/Users/vaibhav/.m2/repository/com/google/code/findbugs/jsr305/3.0.2/jsr305-3.0.2.jar:/Users/vaibhav/.m2/repository/org/checkerframework/checker-qual/3.43.0/checker-qual-3.43.0.jar:/Users/vaibhav/.m2/repository/com/google/errorprone/error_prone_annotations/2.28.0/error_prone_annotations-2.28.0.jar:/Users/vaibhav/.m2/repository/com/google/j2objc/j2objc-annotations/3.0.0/j2objc-annotations-3.0.0.jar:/Users/vaibhav/.m2/repository/io/opentelemetry/semconv/opentelemetry-semconv/1.25.0-alpha/opentelemetry-semconv-1.25.0-alpha.jar:/Users/vaibhav/.m2/repository/io/opentelemetry/opentelemetry-api/1.41.0/opentelemetry-api-1.41.0.jar:/Users/vaibhav/.m2/repository/io/opentelemetry/opentelemetry-context/1.41.0/opentelemetry-context-1.41.0.jar:/Users/vaibhav/.m2/repository/io/opentelemetry/opentelemetry-exporter-logging/1.41.0/opentelemetry-exporter-logging-1.41.0.jar:/Users/vaibhav/.m2/repository/io/opentelemetry/opentelemetry-sdk-common/1.41.0/opentelemetry-sdk-common-1.41.0.jar:/Users/vaibhav/.m2/repository/io/opentelemetry/opentelemetry-sdk-extension-autoconfigure-spi/1.41.0/opentelemetry-sdk-extension-autoconfigure-spi-1.41.0.jar:/Users/vaibhav/.m2/repository/io/opentelemetry/opentelemetry-sdk-extension-autoconfigure/1.41.0/opentelemetry-sdk-extension-autoconfigure-1.41.0.jar:/Users/vaibhav/.m2/repository/io/opentelemetry/opentelemetry-api-incubator/1.41.0-alpha/opentelemetry-api-incubator-1.41.0-alpha.jar:/Users/vaibhav/.m2/repository/io/opentelemetry/opentelemetry-sdk-trace/1.41.0/opentelemetry-sdk-trace-1.41.0.jar:/Users/vaibhav/.m2/repository/io/opentelemetry/opentelemetry-sdk/1.41.0/opentelemetry-sdk-1.41.0.jar:/Users/vaibhav/.m2/repository/io/opentelemetry/opentelemetry-sdk-metrics/1.41.0/opentelemetry-sdk-metrics-1.41.0.jar:/Users/vaibhav/.m2/repository/io/opentelemetry/opentelemetry-sdk-logs/1.41.0/opentelemetry-sdk-logs-1.41.0.jar:/Users/vaibhav/.m2/repository/net/bytebuddy/byte-buddy/1.15.0/byte-buddy-1.15.0.jar:/Users/vaibhav/.m2/repository/org/seleniumhq/selenium/selenium-os/4.24.0/selenium-os-4.24.0.jar:/Users/vaibhav/.m2/repository/org/apache/commons/commons-exec/1.4.0/commons-exec-1.4.0.jar:/Users/vaibhav/.m2/repository/org/seleniumhq/selenium/selenium-safari-driver/4.24.0/selenium-safari-driver-4.24.0.jar:/Users/vaibhav/.m2/repository/org/seleniumhq/selenium/selenium-support/4.24.0/selenium-support-4.24.0.jar:/Users/vaibhav/.m2/repository/com/aventstack/extentreports/5.1.2/extentreports-5.1.2.jar:/Users/vaibhav/.m2/repository/io/reactivex/rxjava3/rxjava/3.1.6/rxjava-3.1.6.jar:/Users/vaibhav/.m2/repository/org/reactivestreams/reactive-streams/1.0.4/reactive-streams-1.0.4.jar:/Users/vaibhav/.m2/repository/org/freemarker/freemarker/2.3.32/freemarker-2.3.32.jar:/Users/vaibhav/.m2/repository/org/projectlombok/lombok/1.18.26/lombok-1.18.26.jar:/Users/vaibhav/.m2/repository/com/google/code/gson/gson/2.10.1/gson-2.10.1.jar:/Users/vaibhav/.m2/repository/tech/grasshopper/extentreports-cucumber7-adapter/1.14.0/extentreports-cucumber7-adapter-1.14.0.jar:/Users/vaibhav/.m2/repository/tech/grasshopper/extent-pdf-report/2.12.0/extent-pdf-report-2.12.0.jar:/Users/vaibhav/.m2/repository/tech/grasshopper/cucumber-pdf-report/2.14.0/cucumber-pdf-report-2.14.0.jar:/Users/vaibhav/.m2/repository/org/apache/pdfbox/pdfbox/2.0.26/pdfbox-2.0.26.jar:/Users/vaibhav/.m2/repository/org/apache/pdfbox/fontbox/2.0.26/fontbox-2.0.26.jar:/Users/vaibhav/.m2/repository/org/knowm/xchart/xchart/3.8.0/xchart-3.8.0.jar:/Users/vaibhav/.m2/repository/de/erichseifert/vectorgraphics2d/VectorGraphics2D/0.13/VectorGraphics2D-0.13.jar:/Users/vaibhav/.m2/repository/de/rototor/pdfbox/graphics2d/0.30/graphics2d-0.30.jar:/Users/vaibhav/.m2/repository/com/madgag/animated-gif-lib/1.4/animated-gif-lib-1.4.jar:/Users/vaibhav/.m2/repository/org/yaml/snakeyaml/2.0/snakeyaml-2.0.jar:/Users/vaibhav/.m2/repository/tech/grasshopper/table-layout/1.5.1/table-layout-1.5.1.jar:/Users/vaibhav/.m2/repository/tech/grasshopper/rest-assured-cucumber-pdf-report/1.5.0/rest-assured-cucumber-pdf-report-1.5.0.jar:/Users/vaibhav/.m2/repository/org/jsoup/jsoup/1.15.3/jsoup-1.15.3.jar:/Users/vaibhav/.m2/repository/com/aventstack/klov-reporter/5.1.0/klov-reporter-5.1.0.jar:/Users/vaibhav/.m2/repository/org/mongodb/mongodb-driver/3.6.4/mongodb-driver-3.6.4.jar:/Users/vaibhav/.m2/repository/org/mongodb/mongodb-driver-core/3.6.4/mongodb-driver-core-3.6.4.jar:/Users/vaibhav/.m2/repository/org/mongodb/bson/3.6.4/bson-3.6.4.jar:/Users/vaibhav/.m2/repository/org/apache/httpcomponents/httpclient/4.5.13/httpclient-4.5.13.jar:/Users/vaibhav/.m2/repository/org/apache/httpcomponents/httpcore/4.4.13/httpcore-4.4.13.jar:/Users/vaibhav/.m2/repository/commons-logging/commons-logging/1.2/commons-logging-1.2.jar:/Users/vaibhav/.m2/repository/commons-codec/commons-codec/1.11/commons-codec-1.11.jar:/Users/vaibhav/.m2/repository/org/apache/httpcomponents/httpmime/4.5.13/httpmime-4.5.13.jar:/Users/vaibhav/.m2/repository/tech/grasshopper/htmlextentreporter/1.1.0/htmlextentreporter-1.1.0.jar:/Users/vaibhav/.m2/repository/tech/grasshopper/extent-excel-report/1.4.0/extent-excel-report-1.4.0.jar:/Users/vaibhav/.m2/repository/org/apache/poi/poi/5.2.3/poi-5.2.3.jar:/Users/vaibhav/.m2/repository/org/apache/commons/commons-collections4/4.4/commons-collections4-4.4.jar:/Users/vaibhav/.m2/repository/org/apache/commons/commons-math3/3.6.1/commons-math3-3.6.1.jar:/Users/vaibhav/.m2/repository/com/zaxxer/SparseBitSet/1.2/SparseBitSet-1.2.jar:/Users/vaibhav/.m2/repository/org/apache/logging/log4j/log4j-api/2.18.0/log4j-api-2.18.0.jar:/Users/vaibhav/.m2/repository/org/apache/poi/poi-ooxml/5.2.3/poi-ooxml-5.2.3.jar:/Users/vaibhav/.m2/repository/org/apache/poi/poi-ooxml-lite/5.2.3/poi-ooxml-lite-5.2.3.jar:/Users/vaibhav/.m2/repository/org/apache/xmlbeans/xmlbeans/5.1.1/xmlbeans-5.1.1.jar:/Users/vaibhav/.m2/repository/org/apache/commons/commons-compress/1.21/commons-compress-1.21.jar:/Users/vaibhav/.m2/repository/com/github/virtuald/curvesapi/1.07/curvesapi-1.07.jar:/Users/vaibhav/.m2/repository/commons-io/commons-io/2.16.1/commons-io-2.16.1.jar:/Users/vaibhav/.m2/repository/io/cucumber/cucumber-picocontainer/7.18.1/cucumber-picocontainer-7.18.1.jar:/Users/vaibhav/.m2/repository/org/picocontainer/picocontainer/2.15/picocontainer-2.15.jar:"/>
    <property name="sun.cpu.endian" value="little"/>
    <property name="user.home" value="/Users/vaibhav"/>
    <property name="user.language" value="en"/>
    <property name="java.specification.vendor" value="Oracle Corporation"/>
    <property name="java.version.date" value="2024-03-19"/>
    <property name="java.home" value="/Library/Java/JavaVirtualMachines/jdk-22.jdk/Contents/Home"/>
    <property name="file.separator" value="/"/>
    <property name="basedir" value="/Users/vaibhav/Documents/test/Verivox/VerivoxPrivathaftpflicht"/>
    <property name="java.vm.compressedOopsMode" value="Zero based"/>
    <property name="line.separator" value="&#10;"/>
    <property name="java.vm.specification.vendor" value="Oracle Corporation"/>
    <property name="java.specification.name" value="Java Platform API Specification"/>
    <property name="apple.awt.application.name" value="ForkedBooter"/>
    <property name="surefire.real.class.path" value="/Users/vaibhav/Documents/test/Verivox/VerivoxPrivathaftpflicht/target/surefire/surefirebooter-20240912211511795_3.jar"/>
    <property name="sun.management.compiler" value="HotSpot 64-Bit Tiered Compilers"/>
    <property name="ftp.nonProxyHosts" value="local|*.local|169.254/16|*.169.254/16"/>
    <property name="java.runtime.version" value="22+36-2370"/>
    <property name="user.name" value="vaibhav"/>
    <property name="stdout.encoding" value="UTF-8"/>
    <property name="path.separator" value=":"/>
    <property name="os.version" value="14.6.1"/>
    <property name="java.runtime.name" value="Java(TM) SE Runtime Environment"/>
    <property name="file.encoding" value="UTF-8"/>
    <property name="java.vm.name" value="Java HotSpot(TM) 64-Bit Server VM"/>
    <property name="localRepository" value="/Users/vaibhav/.m2/repository"/>
    <property name="java.vendor.url.bug" value="https://bugreport.java.com/bugreport/"/>
    <property name="java.io.tmpdir" value="/var/folders/5_/p3w22_x50fn5mvm6t299smdc0000gn/T/"/>
    <property name="java.version" value="22"/>
    <property name="user.dir" value="/Users/vaibhav/Documents/test/Verivox/VerivoxPrivathaftpflicht"/>
    <property name="os.arch" value="aarch64"/>
    <property name="java.vm.specification.name" value="Java Virtual Machine Specification"/>
    <property name="native.encoding" value="UTF-8"/>
    <property name="java.library.path" value="/Users/vaibhav/Library/Java/Extensions:/Library/Java/Extensions:/Network/Library/Java/Extensions:/System/Library/Java/Extensions:/usr/lib/java:."/>
    <property name="java.vm.info" value="mixed mode, sharing"/>
    <property name="stderr.encoding" value="UTF-8"/>
    <property name="java.vendor" value="Oracle Corporation"/>
    <property name="java.vm.version" value="22+36-2370"/>
    <property name="sun.io.unicode.encoding" value="UnicodeBig"/>
    <property name="socksNonProxyHosts" value="local|*.local|169.254/16|*.169.254/16"/>
    <property name="java.class.version" value="66.0"/>
  </properties>
  <testcase name="runScenario[&quot;Scenario 1 - Verify the DSL Calculator&quot;, &quot;Calculate Privathaftpflicht for a User and recommend options&quot;](1)" classname="cucumberOptions.TestRunner" time="22.562">
    <system-out><![CDATA[
@Scenario1
Scenario Outline: Scenario 1 - Verify the DSL Calculator                                        # src/test/resources/features/privathaftpflichtCalc.feature:18
Cookie consent accepted.
  Given that I can open verivox de                                                              # stepDefinitions.DSLCalcStepdefinitions.that_i_can_open_verivox_de()
Navigated to Versicherungen page.
  When I navigate to Versicherungen and select Privathaftpflicht                                # stepDefinitions.HomePageStepDefinitions.i_navigate_to_versicherungen_and_select_privathaftpflicht(java.lang.String,java.lang.String)
  And I enter my Age 30 and Family TypeSingle ohne Kinder                                       # stepDefinitions.DSLCalcStepdefinitions.i_enter_my_age_and_family_type_single_ohne_kinder(java.lang.String,java.lang.String)
Jetzt vergleichen
  Then I go to the Privathaftpflicht personal information page by clicking on Jetzt vergleichen # stepDefinitions.DSLCalcStepdefinitions.i_go_to_the_privathaftpflicht_personal_information_page(java.lang.String)
  And I enter my Date of Birth01.01.1990                                                        # stepDefinitions.DSLCalcStepdefinitions.i_enter_my_birth_date(java.lang.String)
  And I enter my Zip Code13088                                                                  # stepDefinitions.DSLCalcStepdefinitions.i_enter_my_zip_code_use(java.lang.String)
  And I click the Jetzt vergleichen Jetzt vergleichen                                           # stepDefinitions.DSLCalcStepdefinitions.i_click_the_jetzt_vergleichen_button(java.lang.String)
21
  And I should see a page that lists the available tariffs for my selection                     # stepDefinitions.ComparisonPageStepDefinitions.i_should_see_a_page_that_lists_the_available_tariffs_for_my_selection()
]]></system-out>
    <system-err><![CDATA[SLF4J: Failed to load class "org.slf4j.impl.StaticLoggerBinder".
SLF4J: Defaulting to no-operation (NOP) logger implementation
SLF4J: See http://www.slf4j.org/codes.html#StaticLoggerBinder for further details.
]]></system-err>
  </testcase>
  <testcase name="runScenario[&quot;Scenario-2 - Load multiple tariff result pages&quot;, &quot;Calculate Privathaftpflicht for a User and recommend options&quot;](2)" classname="cucumberOptions.TestRunner" time="20.865">
    <failure message="no such element: Unable to locate element: {&quot;method&quot;:&quot;xpath&quot;,&quot;selector&quot;:&quot;//a[@class=&apos;button load-more-button&apos;]&quot;}&#10;  (Session info: chrome=128.0.6613.121)&#10;For documentation on this error, please visit: https://www.selenium.dev/documentation/webdriver/troubleshooting/errors#no-such-element-exception&#10;Build info: version: &apos;4.24.0&apos;, revision: &apos;748ffc9bc3&apos;&#10;System info: os.name: &apos;Mac OS X&apos;, os.arch: &apos;aarch64&apos;, os.version: &apos;14.6.1&apos;, java.version: &apos;22&apos;&#10;Driver info: org.openqa.selenium.chrome.ChromeDriver&#10;Command: [7737e72820d4968933efa01cd54d98f6, findElement {using=xpath, value=//a[@class=&apos;button load-more-button&apos;]}]&#10;Capabilities {acceptInsecureCerts: false, browserName: chrome, browserVersion: 128.0.6613.121, chrome: {chromedriverVersion: 128.0.6613.137 (fe621c5aa2d..., userDataDir: /var/folders/5_/p3w22_x50fn...}, fedcm:accounts: true, goog:chromeOptions: {debuggerAddress: localhost:49673}, networkConnectionEnabled: false, pageLoadStrategy: normal, platformName: mac, proxy: Proxy(), se:cdp: ws://localhost:49673/devtoo..., se:cdpVersion: 128.0.6613.121, setWindowRect: true, strictFileInteractability: false, timeouts: {implicit: 0, pageLoad: 300000, script: 30000}, unhandledPromptBehavior: dismiss and notify, webauthn:extension:credBlob: true, webauthn:extension:largeBlob: true, webauthn:extension:minPinLength: true, webauthn:extension:prf: true, webauthn:virtualAuthenticators: true}&#10;Session ID: 7737e72820d4968933efa01cd54d98f6" type="org.openqa.selenium.NoSuchElementException"><![CDATA[org.openqa.selenium.NoSuchElementException: 
no such element: Unable to locate element: {"method":"xpath","selector":"//a[@class='button load-more-button']"}
  (Session info: chrome=128.0.6613.121)
For documentation on this error, please visit: https://www.selenium.dev/documentation/webdriver/troubleshooting/errors#no-such-element-exception
Build info: version: '4.24.0', revision: '748ffc9bc3'
System info: os.name: 'Mac OS X', os.arch: 'aarch64', os.version: '14.6.1', java.version: '22'
Driver info: org.openqa.selenium.chrome.ChromeDriver
Command: [7737e72820d4968933efa01cd54d98f6, findElement {using=xpath, value=//a[@class='button load-more-button']}]
Capabilities {acceptInsecureCerts: false, browserName: chrome, browserVersion: 128.0.6613.121, chrome: {chromedriverVersion: 128.0.6613.137 (fe621c5aa2d..., userDataDir: /var/folders/5_/p3w22_x50fn...}, fedcm:accounts: true, goog:chromeOptions: {debuggerAddress: localhost:49673}, networkConnectionEnabled: false, pageLoadStrategy: normal, platformName: mac, proxy: Proxy(), se:cdp: ws://localhost:49673/devtoo..., se:cdpVersion: 128.0.6613.121, setWindowRect: true, strictFileInteractability: false, timeouts: {implicit: 0, pageLoad: 300000, script: 30000}, unhandledPromptBehavior: dismiss and notify, webauthn:extension:credBlob: true, webauthn:extension:largeBlob: true, webauthn:extension:minPinLength: true, webauthn:extension:prf: true, webauthn:virtualAuthenticators: true}
Session ID: 7737e72820d4968933efa01cd54d98f6
	at java.base/jdk.internal.reflect.DirectConstructorHandleAccessor.newInstance(DirectConstructorHandleAccessor.java:62)
	at java.base/java.lang.reflect.Constructor.newInstanceWithCaller(Constructor.java:502)
	at java.base/java.lang.reflect.Constructor.newInstance(Constructor.java:486)
	at org.openqa.selenium.remote.ErrorCodec.decode(ErrorCodec.java:167)
	at org.openqa.selenium.remote.codec.w3c.W3CHttpResponseCodec.decode(W3CHttpResponseCodec.java:138)
	at org.openqa.selenium.remote.codec.w3c.W3CHttpResponseCodec.decode(W3CHttpResponseCodec.java:50)
	at org.openqa.selenium.remote.HttpCommandExecutor.execute(HttpCommandExecutor.java:190)
	at org.openqa.selenium.remote.service.DriverCommandExecutor.invokeExecute(DriverCommandExecutor.java:216)
	at org.openqa.selenium.remote.service.DriverCommandExecutor.execute(DriverCommandExecutor.java:174)
	at org.openqa.selenium.remote.RemoteWebDriver.execute(RemoteWebDriver.java:545)
	at org.openqa.selenium.remote.ElementLocation$ElementFinder$2.findElement(ElementLocation.java:165)
	at org.openqa.selenium.remote.ElementLocation.findElement(ElementLocation.java:59)
	at org.openqa.selenium.remote.RemoteWebDriver.findElement(RemoteWebDriver.java:368)
	at org.openqa.selenium.remote.RemoteWebDriver.findElement(RemoteWebDriver.java:362)
	at org.openqa.selenium.support.pagefactory.DefaultElementLocator.findElement(DefaultElementLocator.java:68)
	at org.openqa.selenium.support.pagefactory.internal.LocatingElementHandler.invoke(LocatingElementHandler.java:38)
	at jdk.proxy2/jdk.proxy2.$Proxy25.isEnabled(Unknown Source)
	at pages.RecommendationResultPage.loadAllProductsandVerifyTotalCount(RecommendationResultPage.java:112)
	at stepDefinitions.ComparisonPageStepDefinitions.iCanContinueToLoadAnyAdditionalTariffsUntilAllTariffsHaveBeenDisplayed(ComparisonPageStepDefinitions.java:60)
	at ✽.I can continue to load any additional tariffs until all tariffs have been displayed(file:///Users/vaibhav/Documents/test/Verivox/VerivoxPrivathaftpflicht/src/test/resources/features/privathaftpflichtCalc.feature:34)
]]></failure>
    <system-out><![CDATA[
@Scenario2
Scenario Outline: Scenario-2 - Load multiple tariff result pages                                # src/test/resources/features/privathaftpflichtCalc.feature:37
Cookie consent accepted.
  Given that I can open verivox de                                                              # stepDefinitions.DSLCalcStepdefinitions.that_i_can_open_verivox_de()
Navigated to Versicherungen page.
  When I navigate to Versicherungen and select Privathaftpflicht                                # stepDefinitions.HomePageStepDefinitions.i_navigate_to_versicherungen_and_select_privathaftpflicht(java.lang.String,java.lang.String)
  And I enter my Age 30 and Family TypeSingle ohne Kinder                                       # stepDefinitions.DSLCalcStepdefinitions.i_enter_my_age_and_family_type_single_ohne_kinder(java.lang.String,java.lang.String)
Jetzt vergleichen
  Then I go to the Privathaftpflicht personal information page by clicking on Jetzt vergleichen # stepDefinitions.DSLCalcStepdefinitions.i_go_to_the_privathaftpflicht_personal_information_page(java.lang.String)
  And I enter my Date of Birth01.01.1990                                                        # stepDefinitions.DSLCalcStepdefinitions.i_enter_my_birth_date(java.lang.String)
  And I enter my Zip Code13088                                                                  # stepDefinitions.DSLCalcStepdefinitions.i_enter_my_zip_code_use(java.lang.String)
  And I click the Jetzt vergleichen Jetzt vergleichen                                           # stepDefinitions.DSLCalcStepdefinitions.i_click_the_jetzt_vergleichen_button(java.lang.String)
21
  And I should see a page that lists the available tariffs for my selection                     # stepDefinitions.ComparisonPageStepDefinitions.i_should_see_a_page_that_lists_the_available_tariffs_for_my_selection()
161 Tarife von 29,00 € bis 110,22 €
  And I should see the total number of available tariffs listed above all the result list       # stepDefinitions.ComparisonPageStepDefinitions.iShouldSeeTheTotalNumberOfAvailableTariffsListedAboveAllTheResultList()
  When I scroll to the end of the result list page                                              # stepDefinitions.ComparisonPageStepDefinitions.iScrollToTheEndOfTheResultListPage()
  Then I should see only the first 20 tariffs displayed                                         # stepDefinitions.ComparisonPageStepDefinitions.iShouldSeeOnlyTheFirstTariffsDisplayed(int)
  When I click on the button labeled 20 weitere Tarife laden                                    # stepDefinitions.ComparisonPageStepDefinitions.iClickOnTheButtonLabeledWeitereTarifeLaden(int)
60
  Then I should see the next 20 tariffs displayed                                               # stepDefinitions.ComparisonPageStepDefinitions.iShouldSeeTheNextTariffsDisplayed(int)
Actual Count =99
  And I can continue to load any additional tariffs until all tariffs have been displayed       # stepDefinitions.ComparisonPageStepDefinitions.iCanContinueToLoadAnyAdditionalTariffsUntilAllTariffsHaveBeenDisplayed()
      org.openqa.selenium.NoSuchElementException: no such element: Unable to locate element: {"method":"xpath","selector":"//a[@class='button load-more-button']"}
  (Session info: chrome=128.0.6613.121)
For documentation on this error, please visit: https://www.selenium.dev/documentation/webdriver/troubleshooting/errors#no-such-element-exception
Build info: version: '4.24.0', revision: '748ffc9bc3'
System info: os.name: 'Mac OS X', os.arch: 'aarch64', os.version: '14.6.1', java.version: '22'
Driver info: org.openqa.selenium.chrome.ChromeDriver
Command: [7737e72820d4968933efa01cd54d98f6, findElement {using=xpath, value=//a[@class='button load-more-button']}]
Capabilities {acceptInsecureCerts: false, browserName: chrome, browserVersion: 128.0.6613.121, chrome: {chromedriverVersion: 128.0.6613.137 (fe621c5aa2d..., userDataDir: /var/folders/5_/p3w22_x50fn...}, fedcm:accounts: true, goog:chromeOptions: {debuggerAddress: localhost:49673}, networkConnectionEnabled: false, pageLoadStrategy: normal, platformName: mac, proxy: Proxy(), se:cdp: ws://localhost:49673/devtoo..., se:cdpVersion: 128.0.6613.121, setWindowRect: true, strictFileInteractability: false, timeouts: {implicit: 0, pageLoad: 300000, script: 30000}, unhandledPromptBehavior: dismiss and notify, webauthn:extension:credBlob: true, webauthn:extension:largeBlob: true, webauthn:extension:minPinLength: true, webauthn:extension:prf: true, webauthn:virtualAuthenticators: true}
Session ID: 7737e72820d4968933efa01cd54d98f6
	at java.base/jdk.internal.reflect.DirectConstructorHandleAccessor.newInstance(DirectConstructorHandleAccessor.java:62)
	at java.base/java.lang.reflect.Constructor.newInstanceWithCaller(Constructor.java:502)
	at java.base/java.lang.reflect.Constructor.newInstance(Constructor.java:486)
	at org.openqa.selenium.remote.ErrorCodec.decode(ErrorCodec.java:167)
	at org.openqa.selenium.remote.codec.w3c.W3CHttpResponseCodec.decode(W3CHttpResponseCodec.java:138)
	at org.openqa.selenium.remote.codec.w3c.W3CHttpResponseCodec.decode(W3CHttpResponseCodec.java:50)
	at org.openqa.selenium.remote.HttpCommandExecutor.execute(HttpCommandExecutor.java:190)
	at org.openqa.selenium.remote.service.DriverCommandExecutor.invokeExecute(DriverCommandExecutor.java:216)
	at org.openqa.selenium.remote.service.DriverCommandExecutor.execute(DriverCommandExecutor.java:174)
	at org.openqa.selenium.remote.RemoteWebDriver.execute(RemoteWebDriver.java:545)
	at org.openqa.selenium.remote.ElementLocation$ElementFinder$2.findElement(ElementLocation.java:165)
	at org.openqa.selenium.remote.ElementLocation.findElement(ElementLocation.java:59)
	at org.openqa.selenium.remote.RemoteWebDriver.findElement(RemoteWebDriver.java:368)
	at org.openqa.selenium.remote.RemoteWebDriver.findElement(RemoteWebDriver.java:362)
	at org.openqa.selenium.support.pagefactory.DefaultElementLocator.findElement(DefaultElementLocator.java:68)
	at org.openqa.selenium.support.pagefactory.internal.LocatingElementHandler.invoke(LocatingElementHandler.java:38)
	at jdk.proxy2/jdk.proxy2.$Proxy25.isEnabled(Unknown Source)
	at pages.RecommendationResultPage.loadAllProductsandVerifyTotalCount(RecommendationResultPage.java:112)
	at stepDefinitions.ComparisonPageStepDefinitions.iCanContinueToLoadAnyAdditionalTariffsUntilAllTariffsHaveBeenDisplayed(ComparisonPageStepDefinitions.java:60)
	at ✽.I can continue to load any additional tariffs until all tariffs have been displayed(file:///Users/vaibhav/Documents/test/Verivox/VerivoxPrivathaftpflicht/src/test/resources/features/privathaftpflichtCalc.feature:34)


    Embedding image [image/png 402707 bytes]

]]></system-out>
  </testcase>
</testsuite>